<?xml version="1.0" encoding="UTF-8"?>
<!-- Generated by org.testng.reporters.JUnitReportReporter -->
<testsuite hostname="DESKTOP-E6H8MPK" failures="0" tests="1" name="Baseclass.Testclass" time="6.701" errors="0" timestamp="2022-09-07T22:23:35 IST" skipped="0">
  <testcase classname="Baseclass.Testclass" name="verifyName" time="6.701"/>
  <system-out>
    <![CDATA[Verify name]]>
  </system-out>
</testsuite> <!-- Baseclass.Testclass -->
